2024-03-01 20:09:04.276  INFO 3320 --- [main] o.e.springbook.SpringBookApplication     : Starting SpringBookApplication using Java 1.8.0_361 on LAPTOP-RC4A81SV with PID 3320 (D:\JavaEE_pro\springBook\target\classes started by 86159 in D:\JavaEE_pro\springBook)
2024-03-01 20:09:04.278  INFO 3320 --- [main] o.e.springbook.SpringBookApplication     : No active profile set, falling back to 1 default profile: "default"
2024-03-01 20:09:04.619  WARN 3320 --- [main] o.m.s.mapper.ClassPathMapperScanner      : No MyBatis mapper was found in '[org.example.springbook]' package. Please check your configuration.
2024-03-01 20:09:04.827  INFO 3320 --- [main] o.s.b.w.embedded.tomcat.TomcatWebServer  : Tomcat initialized with port(s): 8080 (http)
2024-03-01 20:09:04.833  INFO 3320 --- [main] o.apache.catalina.core.StandardService   : Starting service [Tomcat]
2024-03-01 20:09:04.833  INFO 3320 --- [main] org.apache.catalina.core.StandardEngine  : Starting Servlet engine: [Apache Tomcat/9.0.68]
2024-03-01 20:09:04.932  INFO 3320 --- [main] o.a.c.c.C.[Tomcat].[localhost].[/]       : Initializing Spring embedded WebApplicationContext
2024-03-01 20:09:04.933  INFO 3320 --- [main] w.s.c.ServletWebServerApplicationContext : Root WebApplicationContext: initialization completed in 631 ms
2024-03-01 20:09:05.071  INFO 3320 --- [main] o.s.b.a.w.s.WelcomePageHandlerMapping    : Adding welcome page: class path resource [static/index.html]
2024-03-01 20:09:05.212  INFO 3320 --- [main] o.s.b.w.embedded.tomcat.TomcatWebServer  : Tomcat started on port(s): 8080 (http) with context path ''
2024-03-01 20:09:05.218  INFO 3320 --- [main] o.e.springbook.SpringBookApplication     : Started SpringBookApplication in 1.208 seconds (JVM running for 1.927)
2024-03-01 20:54:19.903  INFO 27864 --- [main] o.e.springbook.SpringBookApplication     : Starting SpringBookApplication using Java 1.8.0_361 on LAPTOP-RC4A81SV with PID 27864 (D:\JavaEE_pro\springBook\target\classes started by 86159 in D:\JavaEE_pro\springBook)
2024-03-01 20:54:19.904  INFO 27864 --- [main] o.e.springbook.SpringBookApplication     : No active profile set, falling back to 1 default profile: "default"
2024-03-01 20:54:20.500  INFO 27864 --- [main] o.s.b.w.embedded.tomcat.TomcatWebServer  : Tomcat initialized with port(s): 8080 (http)
2024-03-01 20:54:20.505  INFO 27864 --- [main] o.apache.catalina.core.StandardService   : Starting service [Tomcat]
2024-03-01 20:54:20.505  INFO 27864 --- [main] org.apache.catalina.core.StandardEngine  : Starting Servlet engine: [Apache Tomcat/9.0.68]
2024-03-01 20:54:20.614  INFO 27864 --- [main] o.a.c.c.C.[Tomcat].[localhost].[/]       : Initializing Spring embedded WebApplicationContext
2024-03-01 20:54:20.614  INFO 27864 --- [main] w.s.c.ServletWebServerApplicationContext : Root WebApplicationContext: initialization completed in 680 ms
2024-03-01 20:54:20.843  INFO 27864 --- [main] o.s.b.a.w.s.WelcomePageHandlerMapping    : Adding welcome page: class path resource [static/index.html]
2024-03-01 20:54:20.916  INFO 27864 --- [main] o.s.b.w.embedded.tomcat.TomcatWebServer  : Tomcat started on port(s): 8080 (http) with context path ''
2024-03-01 20:54:20.923  INFO 27864 --- [main] o.e.springbook.SpringBookApplication     : Started SpringBookApplication in 1.267 seconds (JVM running for 2.019)
2024-03-01 20:54:23.047  INFO 27864 --- [http-nio-8080-exec-1] o.a.c.c.C.[Tomcat].[localhost].[/]       : Initializing Spring DispatcherServlet 'dispatcherServlet'
2024-03-01 20:54:23.047  INFO 27864 --- [http-nio-8080-exec-1] o.s.web.servlet.DispatcherServlet        : Initializing Servlet 'dispatcherServlet'
2024-03-01 20:54:23.048  INFO 27864 --- [http-nio-8080-exec-1] o.s.web.servlet.DispatcherServlet        : Completed initialization in 1 ms
2024-03-01 20:55:06.953  INFO 27864 --- [http-nio-8080-exec-5] com.zaxxer.hikari.HikariDataSource       : HikariPool-1 - Starting...
2024-03-01 20:55:07.041  INFO 27864 --- [http-nio-8080-exec-5] com.zaxxer.hikari.HikariDataSource       : HikariPool-1 - Start completed.
2024-03-01 20:55:07.123 ERROR 27864 --- [http-nio-8080-exec-5] o.a.c.c.C.[.[.[/].[dispatcherServlet]    : Servlet.service() for servlet [dispatcherServlet] in context with path [] threw exception [Request processing failed; nested exception is org.springframework.jdbc.BadSqlGrammarException: 
### Error querying database.  Cause: java.sql.SQLSyntaxErrorException: You have an error in your SQL syntax; check the manual that corresponds to your MySQL server version for the right syntax to use near '= 0' at line 1
### The error may exist in org/example/springbook/mapper/UserInfoMapper.java (best guess)
### The error may involve org.example.springbook.mapper.UserInfoMapper.queryByName-Inline
### The error occurred while setting parameters
### SQL: select * from user_info delete_flag = 0
### Cause: java.sql.SQLSyntaxErrorException: You have an error in your SQL syntax; check the manual that corresponds to your MySQL server version for the right syntax to use near '= 0' at line 1
; bad SQL grammar []; nested exception is java.sql.SQLSyntaxErrorException: You have an error in your SQL syntax; check the manual that corresponds to your MySQL server version for the right syntax to use near '= 0' at line 1] with root cause

java.sql.SQLSyntaxErrorException: You have an error in your SQL syntax; check the manual that corresponds to your MySQL server version for the right syntax to use near '= 0' at line 1
	at com.mysql.cj.jdbc.exceptions.SQLError.createSQLException(SQLError.java:120) ~[mysql-connector-j-8.0.31.jar:8.0.31]
	at com.mysql.cj.jdbc.exceptions.SQLExceptionsMapping.translateException(SQLExceptionsMapping.java:122) ~[mysql-connector-j-8.0.31.jar:8.0.31]
	at com.mysql.cj.jdbc.ClientPreparedStatement.executeInternal(ClientPreparedStatement.java:916) ~[mysql-connector-j-8.0.31.jar:8.0.31]
	at com.mysql.cj.jdbc.ClientPreparedStatement.execute(ClientPreparedStatement.java:354) ~[mysql-connector-j-8.0.31.jar:8.0.31]
	at com.zaxxer.hikari.pool.ProxyPreparedStatement.execute(ProxyPreparedStatement.java:44) ~[HikariCP-4.0.3.jar:na]
	at com.zaxxer.hikari.pool.HikariProxyPreparedStatement.execute(HikariProxyPreparedStatement.java) ~[HikariCP-4.0.3.jar:na]
	at sun.reflect.NativeMethodAccessorImpl.invoke0(Native Method) ~[na:1.8.0_361]
	at sun.reflect.NativeMethodAccessorImpl.invoke(NativeMethodAccessorImpl.java:62) ~[na:1.8.0_361]
	at sun.reflect.DelegatingMethodAccessorImpl.invoke(DelegatingMethodAccessorImpl.java:43) ~[na:1.8.0_361]
	at java.lang.reflect.Method.invoke(Method.java:498) ~[na:1.8.0_361]
	at org.apache.ibatis.logging.jdbc.PreparedStatementLogger.invoke(PreparedStatementLogger.java:59) ~[mybatis-3.5.9.jar:3.5.9]
	at com.sun.proxy.$Proxy69.execute(Unknown Source) ~[na:na]
	at org.apache.ibatis.executor.statement.PreparedStatementHandler.query(PreparedStatementHandler.java:64) ~[mybatis-3.5.9.jar:3.5.9]
	at org.apache.ibatis.executor.statement.RoutingStatementHandler.query(RoutingStatementHandler.java:79) ~[mybatis-3.5.9.jar:3.5.9]
	at org.apache.ibatis.executor.SimpleExecutor.doQuery(SimpleExecutor.java:63) ~[mybatis-3.5.9.jar:3.5.9]
	at org.apache.ibatis.executor.BaseExecutor.queryFromDatabase(BaseExecutor.java:325) ~[mybatis-3.5.9.jar:3.5.9]
	at org.apache.ibatis.executor.BaseExecutor.query(BaseExecutor.java:156) ~[mybatis-3.5.9.jar:3.5.9]
	at org.apache.ibatis.executor.CachingExecutor.query(CachingExecutor.java:109) ~[mybatis-3.5.9.jar:3.5.9]
	at org.apache.ibatis.executor.CachingExecutor.query(CachingExecutor.java:89) ~[mybatis-3.5.9.jar:3.5.9]
	at org.apache.ibatis.session.defaults.DefaultSqlSession.selectList(DefaultSqlSession.java:151) ~[mybatis-3.5.9.jar:3.5.9]
	at org.apache.ibatis.session.defaults.DefaultSqlSession.selectList(DefaultSqlSession.java:145) ~[mybatis-3.5.9.jar:3.5.9]
	at org.apache.ibatis.session.defaults.DefaultSqlSession.selectList(DefaultSqlSession.java:140) ~[mybatis-3.5.9.jar:3.5.9]
	at org.apache.ibatis.session.defaults.DefaultSqlSession.selectOne(DefaultSqlSession.java:76) ~[mybatis-3.5.9.jar:3.5.9]
	at sun.reflect.NativeMethodAccessorImpl.invoke0(Native Method) ~[na:1.8.0_361]
	at sun.reflect.NativeMethodAccessorImpl.invoke(NativeMethodAccessorImpl.java:62) ~[na:1.8.0_361]
	at sun.reflect.DelegatingMethodAccessorImpl.invoke(DelegatingMethodAccessorImpl.java:43) ~[na:1.8.0_361]
	at java.lang.reflect.Method.invoke(Method.java:498) ~[na:1.8.0_361]
	at org.mybatis.spring.SqlSessionTemplate$SqlSessionInterceptor.invoke(SqlSessionTemplate.java:427) ~[mybatis-spring-2.0.7.jar:2.0.7]
	at com.sun.proxy.$Proxy56.selectOne(Unknown Source) ~[na:na]
	at org.mybatis.spring.SqlSessionTemplate.selectOne(SqlSessionTemplate.java:160) ~[mybatis-spring-2.0.7.jar:2.0.7]
	at org.apache.ibatis.binding.MapperMethod.execute(MapperMethod.java:87) ~[mybatis-3.5.9.jar:3.5.9]
	at org.apache.ibatis.binding.MapperProxy$PlainMethodInvoker.invoke(MapperProxy.java:145) ~[mybatis-3.5.9.jar:3.5.9]
	at org.apache.ibatis.binding.MapperProxy.invoke(MapperProxy.java:86) ~[mybatis-3.5.9.jar:3.5.9]
	at com.sun.proxy.$Proxy59.queryByName(Unknown Source) ~[na:na]
	at org.example.springbook.service.UserService.queryByName(UserService.java:22) ~[classes/:na]
	at org.example.springbook.controller.UserController.login(UserController.java:32) ~[classes/:na]
	at sun.reflect.NativeMethodAccessorImpl.invoke0(Native Method) ~[na:1.8.0_361]
	at sun.reflect.NativeMethodAccessorImpl.invoke(NativeMethodAccessorImpl.java:62) ~[na:1.8.0_361]
	at sun.reflect.DelegatingMethodAccessorImpl.invoke(DelegatingMethodAccessorImpl.java:43) ~[na:1.8.0_361]
	at java.lang.reflect.Method.invoke(Method.java:498) ~[na:1.8.0_361]
	at org.springframework.web.method.support.InvocableHandlerMethod.doInvoke(InvocableHandlerMethod.java:205) ~[spring-web-5.3.23.jar:5.3.23]
	at org.springframework.web.method.support.InvocableHandlerMethod.invokeForRequest(InvocableHandlerMethod.java:150) ~[spring-web-5.3.23.jar:5.3.23]
	at org.springframework.web.servlet.mvc.method.annotation.ServletInvocableHandlerMethod.invokeAndHandle(ServletInvocableHandlerMethod.java:117) ~[spring-webmvc-5.3.23.jar:5.3.23]
	at org.springframework.web.servlet.mvc.method.annotation.RequestMappingHandlerAdapter.invokeHandlerMethod(RequestMappingHandlerAdapter.java:895) ~[spring-webmvc-5.3.23.jar:5.3.23]
	at org.springframework.web.servlet.mvc.method.annotation.RequestMappingHandlerAdapter.handleInternal(RequestMappingHandlerAdapter.java:808) ~[spring-webmvc-5.3.23.jar:5.3.23]
	at org.springframework.web.servlet.mvc.method.AbstractHandlerMethodAdapter.handle(AbstractHandlerMethodAdapter.java:87) ~[spring-webmvc-5.3.23.jar:5.3.23]
	at org.springframework.web.servlet.DispatcherServlet.doDispatch(DispatcherServlet.java:1071) ~[spring-webmvc-5.3.23.jar:5.3.23]
	at org.springframework.web.servlet.DispatcherServlet.doService(DispatcherServlet.java:964) ~[spring-webmvc-5.3.23.jar:5.3.23]
	at org.springframework.web.servlet.FrameworkServlet.processRequest(FrameworkServlet.java:1006) ~[spring-webmvc-5.3.23.jar:5.3.23]
	at org.springframework.web.servlet.FrameworkServlet.doPost(FrameworkServlet.java:909) ~[spring-webmvc-5.3.23.jar:5.3.23]
	at javax.servlet.http.HttpServlet.service(HttpServlet.java:696) ~[tomcat-embed-core-9.0.68.jar:4.0.FR]
	at org.springframework.web.servlet.FrameworkServlet.service(FrameworkServlet.java:883) ~[spring-webmvc-5.3.23.jar:5.3.23]
	at javax.servlet.http.HttpServlet.service(HttpServlet.java:779) ~[tomcat-embed-core-9.0.68.jar:4.0.FR]
	at org.apache.catalina.core.ApplicationFilterChain.internalDoFilter(ApplicationFilterChain.java:227) ~[tomcat-embed-core-9.0.68.jar:9.0.68]
	at org.apache.catalina.core.ApplicationFilterChain.doFilter(ApplicationFilterChain.java:162) ~[tomcat-embed-core-9.0.68.jar:9.0.68]
	at org.apache.tomcat.websocket.server.WsFilter.doFilter(WsFilter.java:53) ~[tomcat-embed-websocket-9.0.68.jar:9.0.68]
	at org.apache.catalina.core.ApplicationFilterChain.internalDoFilter(ApplicationFilterChain.java:189) ~[tomcat-embed-core-9.0.68.jar:9.0.68]
	at org.apache.catalina.core.ApplicationFilterChain.doFilter(ApplicationFilterChain.java:162) ~[tomcat-embed-core-9.0.68.jar:9.0.68]
	at org.springframework.web.filter.RequestContextFilter.doFilterInternal(RequestContextFilter.java:100) ~[spring-web-5.3.23.jar:5.3.23]
	at org.springframework.web.filter.OncePerRequestFilter.doFilter(OncePerRequestFilter.java:117) ~[spring-web-5.3.23.jar:5.3.23]
	at org.apache.catalina.core.ApplicationFilterChain.internalDoFilter(ApplicationFilterChain.java:189) ~[tomcat-embed-core-9.0.68.jar:9.0.68]
	at org.apache.catalina.core.ApplicationFilterChain.doFilter(ApplicationFilterChain.java:162) ~[tomcat-embed-core-9.0.68.jar:9.0.68]
	at org.springframework.web.filter.FormContentFilter.doFilterInternal(FormContentFilter.java:93) ~[spring-web-5.3.23.jar:5.3.23]
	at org.springframework.web.filter.OncePerRequestFilter.doFilter(OncePerRequestFilter.java:117) ~[spring-web-5.3.23.jar:5.3.23]
	at org.apache.catalina.core.ApplicationFilterChain.internalDoFilter(ApplicationFilterChain.java:189) ~[tomcat-embed-core-9.0.68.jar:9.0.68]
	at org.apache.catalina.core.ApplicationFilterChain.doFilter(ApplicationFilterChain.java:162) ~[tomcat-embed-core-9.0.68.jar:9.0.68]
	at org.springframework.web.filter.CharacterEncodingFilter.doFilterInternal(CharacterEncodingFilter.java:201) ~[spring-web-5.3.23.jar:5.3.23]
	at org.springframework.web.filter.OncePerRequestFilter.doFilter(OncePerRequestFilter.java:117) ~[spring-web-5.3.23.jar:5.3.23]
	at org.apache.catalina.core.ApplicationFilterChain.internalDoFilter(ApplicationFilterChain.java:189) ~[tomcat-embed-core-9.0.68.jar:9.0.68]
	at org.apache.catalina.core.ApplicationFilterChain.doFilter(ApplicationFilterChain.java:162) ~[tomcat-embed-core-9.0.68.jar:9.0.68]
	at org.apache.catalina.core.StandardWrapperValve.invoke(StandardWrapperValve.java:197) ~[tomcat-embed-core-9.0.68.jar:9.0.68]
	at org.apache.catalina.core.StandardContextValve.invoke(StandardContextValve.java:97) [tomcat-embed-core-9.0.68.jar:9.0.68]
	at org.apache.catalina.authenticator.AuthenticatorBase.invoke(AuthenticatorBase.java:541) [tomcat-embed-core-9.0.68.jar:9.0.68]
	at org.apache.catalina.core.StandardHostValve.invoke(StandardHostValve.java:135) [tomcat-embed-core-9.0.68.jar:9.0.68]
	at org.apache.catalina.valves.ErrorReportValve.invoke(ErrorReportValve.java:92) [tomcat-embed-core-9.0.68.jar:9.0.68]
	at org.apache.catalina.core.StandardEngineValve.invoke(StandardEngineValve.java:78) [tomcat-embed-core-9.0.68.jar:9.0.68]
	at org.apache.catalina.connector.CoyoteAdapter.service(CoyoteAdapter.java:360) [tomcat-embed-core-9.0.68.jar:9.0.68]
	at org.apache.coyote.http11.Http11Processor.service(Http11Processor.java:399) [tomcat-embed-core-9.0.68.jar:9.0.68]
	at org.apache.coyote.AbstractProcessorLight.process(AbstractProcessorLight.java:65) [tomcat-embed-core-9.0.68.jar:9.0.68]
	at org.apache.coyote.AbstractProtocol$ConnectionHandler.process(AbstractProtocol.java:893) [tomcat-embed-core-9.0.68.jar:9.0.68]
	at org.apache.tomcat.util.net.NioEndpoint$SocketProcessor.doRun(NioEndpoint.java:1789) [tomcat-embed-core-9.0.68.jar:9.0.68]
	at org.apache.tomcat.util.net.SocketProcessorBase.run(SocketProcessorBase.java:49) [tomcat-embed-core-9.0.68.jar:9.0.68]
	at org.apache.tomcat.util.threads.ThreadPoolExecutor.runWorker(ThreadPoolExecutor.java:1191) [tomcat-embed-core-9.0.68.jar:9.0.68]
	at org.apache.tomcat.util.threads.ThreadPoolExecutor$Worker.run(ThreadPoolExecutor.java:659) [tomcat-embed-core-9.0.68.jar:9.0.68]
	at org.apache.tomcat.util.threads.TaskThread$WrappingRunnable.run(TaskThread.java:61) [tomcat-embed-core-9.0.68.jar:9.0.68]
	at java.lang.Thread.run(Thread.java:750) [na:1.8.0_361]

2024-03-01 20:58:59.905  INFO 27864 --- [SpringApplicationShutdownHook] com.zaxxer.hikari.HikariDataSource       : HikariPool-1 - Shutdown initiated...
2024-03-01 20:58:59.911  INFO 27864 --- [SpringApplicationShutdownHook] com.zaxxer.hikari.HikariDataSource       : HikariPool-1 - Shutdown completed.
2024-03-01 20:59:05.868  INFO 26836 --- [main] o.e.springbook.SpringBookApplication     : Starting SpringBookApplication using Java 1.8.0_361 on LAPTOP-RC4A81SV with PID 26836 (D:\JavaEE_pro\springBook\target\classes started by 86159 in D:\JavaEE_pro\springBook)
2024-03-01 20:59:05.871  INFO 26836 --- [main] o.e.springbook.SpringBookApplication     : No active profile set, falling back to 1 default profile: "default"
2024-03-01 20:59:06.436  INFO 26836 --- [main] o.s.b.w.embedded.tomcat.TomcatWebServer  : Tomcat initialized with port(s): 8080 (http)
2024-03-01 20:59:06.441  INFO 26836 --- [main] o.apache.catalina.core.StandardService   : Starting service [Tomcat]
2024-03-01 20:59:06.441  INFO 26836 --- [main] org.apache.catalina.core.StandardEngine  : Starting Servlet engine: [Apache Tomcat/9.0.68]
2024-03-01 20:59:06.543  INFO 26836 --- [main] o.a.c.c.C.[Tomcat].[localhost].[/]       : Initializing Spring embedded WebApplicationContext
2024-03-01 20:59:06.543  INFO 26836 --- [main] w.s.c.ServletWebServerApplicationContext : Root WebApplicationContext: initialization completed in 647 ms
2024-03-01 20:59:06.751  INFO 26836 --- [main] o.s.b.a.w.s.WelcomePageHandlerMapping    : Adding welcome page: class path resource [static/index.html]
2024-03-01 20:59:06.830  INFO 26836 --- [main] o.s.b.w.embedded.tomcat.TomcatWebServer  : Tomcat started on port(s): 8080 (http) with context path ''
2024-03-01 20:59:06.836  INFO 26836 --- [main] o.e.springbook.SpringBookApplication     : Started SpringBookApplication in 1.236 seconds (JVM running for 1.944)
2024-03-01 20:59:10.425  INFO 26836 --- [http-nio-8080-exec-1] o.a.c.c.C.[Tomcat].[localhost].[/]       : Initializing Spring DispatcherServlet 'dispatcherServlet'
2024-03-01 20:59:10.426  INFO 26836 --- [http-nio-8080-exec-1] o.s.web.servlet.DispatcherServlet        : Initializing Servlet 'dispatcherServlet'
2024-03-01 20:59:10.426  INFO 26836 --- [http-nio-8080-exec-1] o.s.web.servlet.DispatcherServlet        : Completed initialization in 0 ms
2024-03-01 20:59:10.511  INFO 26836 --- [http-nio-8080-exec-1] com.zaxxer.hikari.HikariDataSource       : HikariPool-1 - Starting...
2024-03-01 20:59:10.593  INFO 26836 --- [http-nio-8080-exec-1] com.zaxxer.hikari.HikariDataSource       : HikariPool-1 - Start completed.
2024-03-01 20:59:10.680 ERROR 26836 --- [http-nio-8080-exec-1] o.a.c.c.C.[.[.[/].[dispatcherServlet]    : Servlet.service() for servlet [dispatcherServlet] in context with path [] threw exception [Request processing failed; nested exception is org.springframework.jdbc.BadSqlGrammarException: 
### Error querying database.  Cause: java.sql.SQLSyntaxErrorException: You have an error in your SQL syntax; check the manual that corresponds to your MySQL server version for the right syntax to use near '= 0' at line 1
### The error may exist in org/example/springbook/mapper/UserInfoMapper.java (best guess)
### The error may involve org.example.springbook.mapper.UserInfoMapper.queryByName-Inline
### The error occurred while setting parameters
### SQL: select * from user_info delete_flag = 0
### Cause: java.sql.SQLSyntaxErrorException: You have an error in your SQL syntax; check the manual that corresponds to your MySQL server version for the right syntax to use near '= 0' at line 1
; bad SQL grammar []; nested exception is java.sql.SQLSyntaxErrorException: You have an error in your SQL syntax; check the manual that corresponds to your MySQL server version for the right syntax to use near '= 0' at line 1] with root cause

java.sql.SQLSyntaxErrorException: You have an error in your SQL syntax; check the manual that corresponds to your MySQL server version for the right syntax to use near '= 0' at line 1
	at com.mysql.cj.jdbc.exceptions.SQLError.createSQLException(SQLError.java:120) ~[mysql-connector-j-8.0.31.jar:8.0.31]
	at com.mysql.cj.jdbc.exceptions.SQLExceptionsMapping.translateException(SQLExceptionsMapping.java:122) ~[mysql-connector-j-8.0.31.jar:8.0.31]
	at com.mysql.cj.jdbc.ClientPreparedStatement.executeInternal(ClientPreparedStatement.java:916) ~[mysql-connector-j-8.0.31.jar:8.0.31]
	at com.mysql.cj.jdbc.ClientPreparedStatement.execute(ClientPreparedStatement.java:354) ~[mysql-connector-j-8.0.31.jar:8.0.31]
	at com.zaxxer.hikari.pool.ProxyPreparedStatement.execute(ProxyPreparedStatement.java:44) ~[HikariCP-4.0.3.jar:na]
	at com.zaxxer.hikari.pool.HikariProxyPreparedStatement.execute(HikariProxyPreparedStatement.java) ~[HikariCP-4.0.3.jar:na]
	at sun.reflect.NativeMethodAccessorImpl.invoke0(Native Method) ~[na:1.8.0_361]
	at sun.reflect.NativeMethodAccessorImpl.invoke(NativeMethodAccessorImpl.java:62) ~[na:1.8.0_361]
	at sun.reflect.DelegatingMethodAccessorImpl.invoke(DelegatingMethodAccessorImpl.java:43) ~[na:1.8.0_361]
	at java.lang.reflect.Method.invoke(Method.java:498) ~[na:1.8.0_361]
	at org.apache.ibatis.logging.jdbc.PreparedStatementLogger.invoke(PreparedStatementLogger.java:59) ~[mybatis-3.5.9.jar:3.5.9]
	at com.sun.proxy.$Proxy69.execute(Unknown Source) ~[na:na]
	at org.apache.ibatis.executor.statement.PreparedStatementHandler.query(PreparedStatementHandler.java:64) ~[mybatis-3.5.9.jar:3.5.9]
	at org.apache.ibatis.executor.statement.RoutingStatementHandler.query(RoutingStatementHandler.java:79) ~[mybatis-3.5.9.jar:3.5.9]
	at org.apache.ibatis.executor.SimpleExecutor.doQuery(SimpleExecutor.java:63) ~[mybatis-3.5.9.jar:3.5.9]
	at org.apache.ibatis.executor.BaseExecutor.queryFromDatabase(BaseExecutor.java:325) ~[mybatis-3.5.9.jar:3.5.9]
	at org.apache.ibatis.executor.BaseExecutor.query(BaseExecutor.java:156) ~[mybatis-3.5.9.jar:3.5.9]
	at org.apache.ibatis.executor.CachingExecutor.query(CachingExecutor.java:109) ~[mybatis-3.5.9.jar:3.5.9]
	at org.apache.ibatis.executor.CachingExecutor.query(CachingExecutor.java:89) ~[mybatis-3.5.9.jar:3.5.9]
	at org.apache.ibatis.session.defaults.DefaultSqlSession.selectList(DefaultSqlSession.java:151) ~[mybatis-3.5.9.jar:3.5.9]
	at org.apache.ibatis.session.defaults.DefaultSqlSession.selectList(DefaultSqlSession.java:145) ~[mybatis-3.5.9.jar:3.5.9]
	at org.apache.ibatis.session.defaults.DefaultSqlSession.selectList(DefaultSqlSession.java:140) ~[mybatis-3.5.9.jar:3.5.9]
	at org.apache.ibatis.session.defaults.DefaultSqlSession.selectOne(DefaultSqlSession.java:76) ~[mybatis-3.5.9.jar:3.5.9]
	at sun.reflect.NativeMethodAccessorImpl.invoke0(Native Method) ~[na:1.8.0_361]
	at sun.reflect.NativeMethodAccessorImpl.invoke(NativeMethodAccessorImpl.java:62) ~[na:1.8.0_361]
	at sun.reflect.DelegatingMethodAccessorImpl.invoke(DelegatingMethodAccessorImpl.java:43) ~[na:1.8.0_361]
	at java.lang.reflect.Method.invoke(Method.java:498) ~[na:1.8.0_361]
	at org.mybatis.spring.SqlSessionTemplate$SqlSessionInterceptor.invoke(SqlSessionTemplate.java:427) ~[mybatis-spring-2.0.7.jar:2.0.7]
	at com.sun.proxy.$Proxy56.selectOne(Unknown Source) ~[na:na]
	at org.mybatis.spring.SqlSessionTemplate.selectOne(SqlSessionTemplate.java:160) ~[mybatis-spring-2.0.7.jar:2.0.7]
	at org.apache.ibatis.binding.MapperMethod.execute(MapperMethod.java:87) ~[mybatis-3.5.9.jar:3.5.9]
	at org.apache.ibatis.binding.MapperProxy$PlainMethodInvoker.invoke(MapperProxy.java:145) ~[mybatis-3.5.9.jar:3.5.9]
	at org.apache.ibatis.binding.MapperProxy.invoke(MapperProxy.java:86) ~[mybatis-3.5.9.jar:3.5.9]
	at com.sun.proxy.$Proxy59.queryByName(Unknown Source) ~[na:na]
	at org.example.springbook.service.UserService.queryByName(UserService.java:22) ~[classes/:na]
	at org.example.springbook.controller.UserController.login(UserController.java:30) ~[classes/:na]
	at sun.reflect.NativeMethodAccessorImpl.invoke0(Native Method) ~[na:1.8.0_361]
	at sun.reflect.NativeMethodAccessorImpl.invoke(NativeMethodAccessorImpl.java:62) ~[na:1.8.0_361]
	at sun.reflect.DelegatingMethodAccessorImpl.invoke(DelegatingMethodAccessorImpl.java:43) ~[na:1.8.0_361]
	at java.lang.reflect.Method.invoke(Method.java:498) ~[na:1.8.0_361]
	at org.springframework.web.method.support.InvocableHandlerMethod.doInvoke(InvocableHandlerMethod.java:205) ~[spring-web-5.3.23.jar:5.3.23]
	at org.springframework.web.method.support.InvocableHandlerMethod.invokeForRequest(InvocableHandlerMethod.java:150) ~[spring-web-5.3.23.jar:5.3.23]
	at org.springframework.web.servlet.mvc.method.annotation.ServletInvocableHandlerMethod.invokeAndHandle(ServletInvocableHandlerMethod.java:117) ~[spring-webmvc-5.3.23.jar:5.3.23]
	at org.springframework.web.servlet.mvc.method.annotation.RequestMappingHandlerAdapter.invokeHandlerMethod(RequestMappingHandlerAdapter.java:895) ~[spring-webmvc-5.3.23.jar:5.3.23]
	at org.springframework.web.servlet.mvc.method.annotation.RequestMappingHandlerAdapter.handleInternal(RequestMappingHandlerAdapter.java:808) ~[spring-webmvc-5.3.23.jar:5.3.23]
	at org.springframework.web.servlet.mvc.method.AbstractHandlerMethodAdapter.handle(AbstractHandlerMethodAdapter.java:87) ~[spring-webmvc-5.3.23.jar:5.3.23]
	at org.springframework.web.servlet.DispatcherServlet.doDispatch(DispatcherServlet.java:1071) ~[spring-webmvc-5.3.23.jar:5.3.23]
	at org.springframework.web.servlet.DispatcherServlet.doService(DispatcherServlet.java:964) ~[spring-webmvc-5.3.23.jar:5.3.23]
	at org.springframework.web.servlet.FrameworkServlet.processRequest(FrameworkServlet.java:1006) ~[spring-webmvc-5.3.23.jar:5.3.23]
	at org.springframework.web.servlet.FrameworkServlet.doPost(FrameworkServlet.java:909) ~[spring-webmvc-5.3.23.jar:5.3.23]
	at javax.servlet.http.HttpServlet.service(HttpServlet.java:696) ~[tomcat-embed-core-9.0.68.jar:4.0.FR]
	at org.springframework.web.servlet.FrameworkServlet.service(FrameworkServlet.java:883) ~[spring-webmvc-5.3.23.jar:5.3.23]
	at javax.servlet.http.HttpServlet.service(HttpServlet.java:779) ~[tomcat-embed-core-9.0.68.jar:4.0.FR]
	at org.apache.catalina.core.ApplicationFilterChain.internalDoFilter(ApplicationFilterChain.java:227) ~[tomcat-embed-core-9.0.68.jar:9.0.68]
	at org.apache.catalina.core.ApplicationFilterChain.doFilter(ApplicationFilterChain.java:162) ~[tomcat-embed-core-9.0.68.jar:9.0.68]
	at org.apache.tomcat.websocket.server.WsFilter.doFilter(WsFilter.java:53) ~[tomcat-embed-websocket-9.0.68.jar:9.0.68]
	at org.apache.catalina.core.ApplicationFilterChain.internalDoFilter(ApplicationFilterChain.java:189) ~[tomcat-embed-core-9.0.68.jar:9.0.68]
	at org.apache.catalina.core.ApplicationFilterChain.doFilter(ApplicationFilterChain.java:162) ~[tomcat-embed-core-9.0.68.jar:9.0.68]
	at org.springframework.web.filter.RequestContextFilter.doFilterInternal(RequestContextFilter.java:100) ~[spring-web-5.3.23.jar:5.3.23]
	at org.springframework.web.filter.OncePerRequestFilter.doFilter(OncePerRequestFilter.java:117) ~[spring-web-5.3.23.jar:5.3.23]
	at org.apache.catalina.core.ApplicationFilterChain.internalDoFilter(ApplicationFilterChain.java:189) ~[tomcat-embed-core-9.0.68.jar:9.0.68]
	at org.apache.catalina.core.ApplicationFilterChain.doFilter(ApplicationFilterChain.java:162) ~[tomcat-embed-core-9.0.68.jar:9.0.68]
	at org.springframework.web.filter.FormContentFilter.doFilterInternal(FormContentFilter.java:93) ~[spring-web-5.3.23.jar:5.3.23]
	at org.springframework.web.filter.OncePerRequestFilter.doFilter(OncePerRequestFilter.java:117) ~[spring-web-5.3.23.jar:5.3.23]
	at org.apache.catalina.core.ApplicationFilterChain.internalDoFilter(ApplicationFilterChain.java:189) ~[tomcat-embed-core-9.0.68.jar:9.0.68]
	at org.apache.catalina.core.ApplicationFilterChain.doFilter(ApplicationFilterChain.java:162) ~[tomcat-embed-core-9.0.68.jar:9.0.68]
	at org.springframework.web.filter.CharacterEncodingFilter.doFilterInternal(CharacterEncodingFilter.java:201) ~[spring-web-5.3.23.jar:5.3.23]
	at org.springframework.web.filter.OncePerRequestFilter.doFilter(OncePerRequestFilter.java:117) ~[spring-web-5.3.23.jar:5.3.23]
	at org.apache.catalina.core.ApplicationFilterChain.internalDoFilter(ApplicationFilterChain.java:189) ~[tomcat-embed-core-9.0.68.jar:9.0.68]
	at org.apache.catalina.core.ApplicationFilterChain.doFilter(ApplicationFilterChain.java:162) ~[tomcat-embed-core-9.0.68.jar:9.0.68]
	at org.apache.catalina.core.StandardWrapperValve.invoke(StandardWrapperValve.java:197) ~[tomcat-embed-core-9.0.68.jar:9.0.68]
	at org.apache.catalina.core.StandardContextValve.invoke(StandardContextValve.java:97) [tomcat-embed-core-9.0.68.jar:9.0.68]
	at org.apache.catalina.authenticator.AuthenticatorBase.invoke(AuthenticatorBase.java:541) [tomcat-embed-core-9.0.68.jar:9.0.68]
	at org.apache.catalina.core.StandardHostValve.invoke(StandardHostValve.java:135) [tomcat-embed-core-9.0.68.jar:9.0.68]
	at org.apache.catalina.valves.ErrorReportValve.invoke(ErrorReportValve.java:92) [tomcat-embed-core-9.0.68.jar:9.0.68]
	at org.apache.catalina.core.StandardEngineValve.invoke(StandardEngineValve.java:78) [tomcat-embed-core-9.0.68.jar:9.0.68]
	at org.apache.catalina.connector.CoyoteAdapter.service(CoyoteAdapter.java:360) [tomcat-embed-core-9.0.68.jar:9.0.68]
	at org.apache.coyote.http11.Http11Processor.service(Http11Processor.java:399) [tomcat-embed-core-9.0.68.jar:9.0.68]
	at org.apache.coyote.AbstractProcessorLight.process(AbstractProcessorLight.java:65) [tomcat-embed-core-9.0.68.jar:9.0.68]
	at org.apache.coyote.AbstractProtocol$ConnectionHandler.process(AbstractProtocol.java:893) [tomcat-embed-core-9.0.68.jar:9.0.68]
	at org.apache.tomcat.util.net.NioEndpoint$SocketProcessor.doRun(NioEndpoint.java:1789) [tomcat-embed-core-9.0.68.jar:9.0.68]
	at org.apache.tomcat.util.net.SocketProcessorBase.run(SocketProcessorBase.java:49) [tomcat-embed-core-9.0.68.jar:9.0.68]
	at org.apache.tomcat.util.threads.ThreadPoolExecutor.runWorker(ThreadPoolExecutor.java:1191) [tomcat-embed-core-9.0.68.jar:9.0.68]
	at org.apache.tomcat.util.threads.ThreadPoolExecutor$Worker.run(ThreadPoolExecutor.java:659) [tomcat-embed-core-9.0.68.jar:9.0.68]
	at org.apache.tomcat.util.threads.TaskThread$WrappingRunnable.run(TaskThread.java:61) [tomcat-embed-core-9.0.68.jar:9.0.68]
	at java.lang.Thread.run(Thread.java:750) [na:1.8.0_361]

2024-03-01 20:59:27.468  INFO 26836 --- [SpringApplicationShutdownHook] com.zaxxer.hikari.HikariDataSource       : HikariPool-1 - Shutdown initiated...
2024-03-01 20:59:27.474  INFO 26836 --- [SpringApplicationShutdownHook] com.zaxxer.hikari.HikariDataSource       : HikariPool-1 - Shutdown completed.
2024-03-01 20:59:32.777  INFO 23048 --- [main] o.e.springbook.SpringBookApplication     : Starting SpringBookApplication using Java 1.8.0_361 on LAPTOP-RC4A81SV with PID 23048 (D:\JavaEE_pro\springBook\target\classes started by 86159 in D:\JavaEE_pro\springBook)
2024-03-01 20:59:32.779  INFO 23048 --- [main] o.e.springbook.SpringBookApplication     : No active profile set, falling back to 1 default profile: "default"
2024-03-01 20:59:33.334  INFO 23048 --- [main] o.s.b.w.embedded.tomcat.TomcatWebServer  : Tomcat initialized with port(s): 8080 (http)
2024-03-01 20:59:33.339  INFO 23048 --- [main] o.apache.catalina.core.StandardService   : Starting service [Tomcat]
2024-03-01 20:59:33.339  INFO 23048 --- [main] org.apache.catalina.core.StandardEngine  : Starting Servlet engine: [Apache Tomcat/9.0.68]
2024-03-01 20:59:33.438  INFO 23048 --- [main] o.a.c.c.C.[Tomcat].[localhost].[/]       : Initializing Spring embedded WebApplicationContext
2024-03-01 20:59:33.438  INFO 23048 --- [main] w.s.c.ServletWebServerApplicationContext : Root WebApplicationContext: initialization completed in 636 ms
2024-03-01 20:59:33.648  INFO 23048 --- [main] o.s.b.a.w.s.WelcomePageHandlerMapping    : Adding welcome page: class path resource [static/index.html]
2024-03-01 20:59:33.722  INFO 23048 --- [main] o.s.b.w.embedded.tomcat.TomcatWebServer  : Tomcat started on port(s): 8080 (http) with context path ''
2024-03-01 20:59:33.728  INFO 23048 --- [main] o.e.springbook.SpringBookApplication     : Started SpringBookApplication in 1.208 seconds (JVM running for 1.9)
2024-03-01 20:59:36.075  INFO 23048 --- [http-nio-8080-exec-1] o.a.c.c.C.[Tomcat].[localhost].[/]       : Initializing Spring DispatcherServlet 'dispatcherServlet'
2024-03-01 20:59:36.076  INFO 23048 --- [http-nio-8080-exec-1] o.s.web.servlet.DispatcherServlet        : Initializing Servlet 'dispatcherServlet'
2024-03-01 20:59:36.076  INFO 23048 --- [http-nio-8080-exec-1] o.s.web.servlet.DispatcherServlet        : Completed initialization in 0 ms
2024-03-01 20:59:36.155  INFO 23048 --- [http-nio-8080-exec-1] com.zaxxer.hikari.HikariDataSource       : HikariPool-1 - Starting...
2024-03-01 20:59:36.238  INFO 23048 --- [http-nio-8080-exec-1] com.zaxxer.hikari.HikariDataSource       : HikariPool-1 - Start completed.
2024-03-01 21:38:00.700  INFO 23048 --- [SpringApplicationShutdownHook] com.zaxxer.hikari.HikariDataSource       : HikariPool-1 - Shutdown initiated...
2024-03-01 21:38:00.705  INFO 23048 --- [SpringApplicationShutdownHook] com.zaxxer.hikari.HikariDataSource       : HikariPool-1 - Shutdown completed.
2024-03-01 21:38:05.832  INFO 28108 --- [main] o.e.springbook.SpringBookApplication     : Starting SpringBookApplication using Java 1.8.0_361 on LAPTOP-RC4A81SV with PID 28108 (D:\JavaEE_pro\springBook\target\classes started by 86159 in D:\JavaEE_pro\springBook)
2024-03-01 21:38:05.834  INFO 28108 --- [main] o.e.springbook.SpringBookApplication     : No active profile set, falling back to 1 default profile: "default"
2024-03-01 21:38:06.581  INFO 28108 --- [main] o.s.b.w.embedded.tomcat.TomcatWebServer  : Tomcat initialized with port(s): 8080 (http)
2024-03-01 21:38:06.587  INFO 28108 --- [main] o.apache.catalina.core.StandardService   : Starting service [Tomcat]
2024-03-01 21:38:06.588  INFO 28108 --- [main] org.apache.catalina.core.StandardEngine  : Starting Servlet engine: [Apache Tomcat/9.0.68]
2024-03-01 21:38:06.701  INFO 28108 --- [main] o.a.c.c.C.[Tomcat].[localhost].[/]       : Initializing Spring embedded WebApplicationContext
2024-03-01 21:38:06.701  INFO 28108 --- [main] w.s.c.ServletWebServerApplicationContext : Root WebApplicationContext: initialization completed in 831 ms
2024-03-01 21:38:06.933  INFO 28108 --- [main] o.s.b.a.w.s.WelcomePageHandlerMapping    : Adding welcome page: class path resource [static/index.html]
2024-03-01 21:38:07.016  INFO 28108 --- [main] o.s.b.w.embedded.tomcat.TomcatWebServer  : Tomcat started on port(s): 8080 (http) with context path ''
2024-03-01 21:38:07.024  INFO 28108 --- [main] o.e.springbook.SpringBookApplication     : Started SpringBookApplication in 1.533 seconds (JVM running for 2.369)
2024-03-01 21:38:15.461  INFO 28108 --- [http-nio-8080-exec-1] o.a.c.c.C.[Tomcat].[localhost].[/]       : Initializing Spring DispatcherServlet 'dispatcherServlet'
2024-03-01 21:38:15.461  INFO 28108 --- [http-nio-8080-exec-1] o.s.web.servlet.DispatcherServlet        : Initializing Servlet 'dispatcherServlet'
2024-03-01 21:38:15.462  INFO 28108 --- [http-nio-8080-exec-1] o.s.web.servlet.DispatcherServlet        : Completed initialization in 1 ms
2024-03-01 21:38:15.532  INFO 28108 --- [http-nio-8080-exec-1] o.e.s.controller.BookController          : 添加图书，bookInfo:BookInfo(id=null, bookName=null, author=null, count=null, price=null, publish=null, status=null, stateCN=null, createTime=null, updateTime=null)
2024-03-01 21:39:52.347  INFO 28108 --- [http-nio-8080-exec-3] o.e.s.controller.BookController          : 添加图书，bookInfo:BookInfo(id=null, bookName=金瓶梅, author=谢钰辉, count=5, price=100000, publish=nfu, status=0, stateCN=null, createTime=null, updateTime=null)
2024-03-01 21:39:52.356  INFO 28108 --- [http-nio-8080-exec-3] com.zaxxer.hikari.HikariDataSource       : HikariPool-1 - Starting...
2024-03-01 21:39:52.434  INFO 28108 --- [http-nio-8080-exec-3] com.zaxxer.hikari.HikariDataSource       : HikariPool-1 - Start completed.
2024-03-01 21:41:43.285  INFO 28108 --- [http-nio-8080-exec-5] o.e.s.controller.BookController          : 添加图书，bookInfo:BookInfo(id=null, bookName=null, author=谢钰辉, count=5, price=100000, publish=nfu, status=0, stateCN=null, createTime=null, updateTime=null)
2024-03-01 21:41:56.711  INFO 28108 --- [http-nio-8080-exec-6] o.e.s.controller.BookController          : 添加图书，bookInfo:BookInfo(id=null, bookName=金瓶梅, author=谢钰辉, count=5, price=100000, publish=nfu, status=0, stateCN=null, createTime=null, updateTime=null)
2024-03-01 21:42:44.298  INFO 28108 --- [http-nio-8080-exec-7] o.e.s.controller.BookController          : 添加图书，bookInfo:BookInfo(id=null, bookName=金瓶梅, author=谢钰辉, count=5, price=100000, publish=nfu, status=null, stateCN=null, createTime=null, updateTime=null)
2024-03-01 21:42:46.884  INFO 28108 --- [http-nio-8080-exec-9] o.e.s.controller.BookController          : 添加图书，bookInfo:BookInfo(id=null, bookName=金瓶梅, author=谢钰辉, count=5, price=100000, publish=nfu, status=0, stateCN=null, createTime=null, updateTime=null)
2024-03-01 21:42:58.792  INFO 28108 --- [http-nio-8080-exec-8] o.e.s.controller.BookController          : 添加图书，bookInfo:BookInfo(id=null, bookName=金瓶梅, author=谢钰辉, count=5, price=100000, publish=nfu, status=0, stateCN=null, createTime=null, updateTime=null)
2024-03-01 21:43:01.536  INFO 28108 --- [SpringApplicationShutdownHook] com.zaxxer.hikari.HikariDataSource       : HikariPool-1 - Shutdown initiated...
2024-03-01 21:43:01.542  INFO 28108 --- [SpringApplicationShutdownHook] com.zaxxer.hikari.HikariDataSource       : HikariPool-1 - Shutdown completed.
2024-03-01 21:43:07.435  INFO 3400 --- [main] o.e.springbook.SpringBookApplication     : Starting SpringBookApplication using Java 1.8.0_361 on LAPTOP-RC4A81SV with PID 3400 (D:\JavaEE_pro\springBook\target\classes started by 86159 in D:\JavaEE_pro\springBook)
2024-03-01 21:43:07.437  INFO 3400 --- [main] o.e.springbook.SpringBookApplication     : No active profile set, falling back to 1 default profile: "default"
2024-03-01 21:43:08.020  INFO 3400 --- [main] o.s.b.w.embedded.tomcat.TomcatWebServer  : Tomcat initialized with port(s): 8080 (http)
2024-03-01 21:43:08.025  INFO 3400 --- [main] o.apache.catalina.core.StandardService   : Starting service [Tomcat]
2024-03-01 21:43:08.026  INFO 3400 --- [main] org.apache.catalina.core.StandardEngine  : Starting Servlet engine: [Apache Tomcat/9.0.68]
2024-03-01 21:43:08.130  INFO 3400 --- [main] o.a.c.c.C.[Tomcat].[localhost].[/]       : Initializing Spring embedded WebApplicationContext
2024-03-01 21:43:08.130  INFO 3400 --- [main] w.s.c.ServletWebServerApplicationContext : Root WebApplicationContext: initialization completed in 669 ms
2024-03-01 21:43:08.344  INFO 3400 --- [main] o.s.b.a.w.s.WelcomePageHandlerMapping    : Adding welcome page: class path resource [static/index.html]
2024-03-01 21:43:08.421  INFO 3400 --- [main] o.s.b.w.embedded.tomcat.TomcatWebServer  : Tomcat started on port(s): 8080 (http) with context path ''
2024-03-01 21:43:08.426  INFO 3400 --- [main] o.e.springbook.SpringBookApplication     : Started SpringBookApplication in 1.241 seconds (JVM running for 2.071)
2024-03-01 21:43:11.021  INFO 3400 --- [http-nio-8080-exec-1] o.a.c.c.C.[Tomcat].[localhost].[/]       : Initializing Spring DispatcherServlet 'dispatcherServlet'
2024-03-01 21:43:11.022  INFO 3400 --- [http-nio-8080-exec-1] o.s.web.servlet.DispatcherServlet        : Initializing Servlet 'dispatcherServlet'
2024-03-01 21:43:11.022  INFO 3400 --- [http-nio-8080-exec-1] o.s.web.servlet.DispatcherServlet        : Completed initialization in 0 ms
2024-03-01 21:43:11.045  INFO 3400 --- [http-nio-8080-exec-1] o.e.s.controller.BookController          : 添加图书，bookInfo:BookInfo(id=null, bookName=金瓶梅, author=谢钰辉, count=5, price=100000, publish=nfu, status=0, stateCN=null, createTime=null, updateTime=null)
2024-03-01 21:43:11.053  INFO 3400 --- [http-nio-8080-exec-1] com.zaxxer.hikari.HikariDataSource       : HikariPool-1 - Starting...
2024-03-01 21:43:11.130  INFO 3400 --- [http-nio-8080-exec-1] com.zaxxer.hikari.HikariDataSource       : HikariPool-1 - Start completed.
2024-03-01 21:43:33.091  INFO 3400 --- [http-nio-8080-exec-2] o.e.s.controller.BookController          : 添加图书，bookInfo:BookInfo(id=null, bookName=金瓶梅, author=谢钰辉, count=5, price=100000, publish=nfu, status=1, stateCN=null, createTime=null, updateTime=null)
2024-03-01 21:44:05.756  INFO 3400 --- [SpringApplicationShutdownHook] com.zaxxer.hikari.HikariDataSource       : HikariPool-1 - Shutdown initiated...
2024-03-01 21:44:05.762  INFO 3400 --- [SpringApplicationShutdownHook] com.zaxxer.hikari.HikariDataSource       : HikariPool-1 - Shutdown completed.
2024-03-01 21:44:18.013  INFO 16916 --- [main] o.e.springbook.SpringBookApplication     : Starting SpringBookApplication using Java 1.8.0_361 on LAPTOP-RC4A81SV with PID 16916 (D:\JavaEE_pro\springBook\target\classes started by 86159 in D:\JavaEE_pro\springBook)
2024-03-01 21:44:18.014  INFO 16916 --- [main] o.e.springbook.SpringBookApplication     : No active profile set, falling back to 1 default profile: "default"
2024-03-01 21:44:18.576  INFO 16916 --- [main] o.s.b.w.embedded.tomcat.TomcatWebServer  : Tomcat initialized with port(s): 8080 (http)
2024-03-01 21:44:18.581  INFO 16916 --- [main] o.apache.catalina.core.StandardService   : Starting service [Tomcat]
2024-03-01 21:44:18.581  INFO 16916 --- [main] org.apache.catalina.core.StandardEngine  : Starting Servlet engine: [Apache Tomcat/9.0.68]
2024-03-01 21:44:18.680  INFO 16916 --- [main] o.a.c.c.C.[Tomcat].[localhost].[/]       : Initializing Spring embedded WebApplicationContext
2024-03-01 21:44:18.681  INFO 16916 --- [main] w.s.c.ServletWebServerApplicationContext : Root WebApplicationContext: initialization completed in 642 ms
2024-03-01 21:44:18.909  INFO 16916 --- [main] o.s.b.a.w.s.WelcomePageHandlerMapping    : Adding welcome page: class path resource [static/index.html]
2024-03-01 21:44:18.989  INFO 16916 --- [main] o.s.b.w.embedded.tomcat.TomcatWebServer  : Tomcat started on port(s): 8080 (http) with context path ''
2024-03-01 21:44:18.998  INFO 16916 --- [main] o.e.springbook.SpringBookApplication     : Started SpringBookApplication in 1.252 seconds (JVM running for 1.938)
2024-03-01 21:44:24.403  INFO 16916 --- [http-nio-8080-exec-1] o.a.c.c.C.[Tomcat].[localhost].[/]       : Initializing Spring DispatcherServlet 'dispatcherServlet'
2024-03-01 21:44:24.403  INFO 16916 --- [http-nio-8080-exec-1] o.s.web.servlet.DispatcherServlet        : Initializing Servlet 'dispatcherServlet'
2024-03-01 21:44:24.404  INFO 16916 --- [http-nio-8080-exec-1] o.s.web.servlet.DispatcherServlet        : Completed initialization in 1 ms
2024-03-01 21:44:24.429  INFO 16916 --- [http-nio-8080-exec-1] o.e.s.controller.BookController          : 添加图书，bookInfo:BookInfo(id=null, bookName=金瓶梅, author=谢钰辉, count=5, price=100000, publish=nfu, status=null, stateCN=null, createTime=null, updateTime=null)
2024-03-01 21:44:24.440  INFO 16916 --- [http-nio-8080-exec-1] com.zaxxer.hikari.HikariDataSource       : HikariPool-1 - Starting...
2024-03-01 21:44:24.528  INFO 16916 --- [http-nio-8080-exec-1] com.zaxxer.hikari.HikariDataSource       : HikariPool-1 - Start completed.
2024-03-01 21:44:28.042  INFO 16916 --- [http-nio-8080-exec-3] o.e.s.controller.BookController          : 添加图书，bookInfo:BookInfo(id=null, bookName=金瓶梅, author=谢钰辉, count=5, price=100000, publish=nfu, status=1, stateCN=null, createTime=null, updateTime=null)
2024-03-01 21:46:13.273  INFO 16916 --- [http-nio-8080-exec-4] o.e.s.controller.BookController          : 添加图书，bookInfo:BookInfo(id=null, bookName=金瓶梅, author=谢钰辉, count=5, price=100000, publish=南方学院, status=1, stateCN=null, createTime=null, updateTime=null)
2024-03-01 21:47:04.493  INFO 16916 --- [http-nio-8080-exec-5] o.e.s.controller.BookController          : 添加图书，bookInfo:BookInfo(id=null, bookName=金瓶梅, author=谢钰辉, count=5, price=100000, publish=南方学院, status=1, stateCN=null, createTime=null, updateTime=null)
2024-03-01 21:47:50.377  INFO 16916 --- [SpringApplicationShutdownHook] com.zaxxer.hikari.HikariDataSource       : HikariPool-1 - Shutdown initiated...
2024-03-01 21:47:50.382  INFO 16916 --- [SpringApplicationShutdownHook] com.zaxxer.hikari.HikariDataSource       : HikariPool-1 - Shutdown completed.
2024-03-01 21:47:56.334  INFO 24544 --- [main] o.e.springbook.SpringBookApplication     : Starting SpringBookApplication using Java 1.8.0_361 on LAPTOP-RC4A81SV with PID 24544 (D:\JavaEE_pro\springBook\target\classes started by 86159 in D:\JavaEE_pro\springBook)
2024-03-01 21:47:56.336  INFO 24544 --- [main] o.e.springbook.SpringBookApplication     : No active profile set, falling back to 1 default profile: "default"
2024-03-01 21:47:56.905  INFO 24544 --- [main] o.s.b.w.embedded.tomcat.TomcatWebServer  : Tomcat initialized with port(s): 8080 (http)
2024-03-01 21:47:56.910  INFO 24544 --- [main] o.apache.catalina.core.StandardService   : Starting service [Tomcat]
2024-03-01 21:47:56.911  INFO 24544 --- [main] org.apache.catalina.core.StandardEngine  : Starting Servlet engine: [Apache Tomcat/9.0.68]
2024-03-01 21:47:57.013  INFO 24544 --- [main] o.a.c.c.C.[Tomcat].[localhost].[/]       : Initializing Spring embedded WebApplicationContext
2024-03-01 21:47:57.013  INFO 24544 --- [main] w.s.c.ServletWebServerApplicationContext : Root WebApplicationContext: initialization completed in 652 ms
2024-03-01 21:47:57.229  INFO 24544 --- [main] o.s.b.a.w.s.WelcomePageHandlerMapping    : Adding welcome page: class path resource [static/index.html]
2024-03-01 21:47:57.305  INFO 24544 --- [main] o.s.b.w.embedded.tomcat.TomcatWebServer  : Tomcat started on port(s): 8080 (http) with context path ''
2024-03-01 21:47:57.311  INFO 24544 --- [main] o.e.springbook.SpringBookApplication     : Started SpringBookApplication in 1.226 seconds (JVM running for 1.992)
2024-03-01 21:47:58.192  INFO 24544 --- [http-nio-8080-exec-1] o.a.c.c.C.[Tomcat].[localhost].[/]       : Initializing Spring DispatcherServlet 'dispatcherServlet'
2024-03-01 21:47:58.192  INFO 24544 --- [http-nio-8080-exec-1] o.s.web.servlet.DispatcherServlet        : Initializing Servlet 'dispatcherServlet'
2024-03-01 21:47:58.193  INFO 24544 --- [http-nio-8080-exec-1] o.s.web.servlet.DispatcherServlet        : Completed initialization in 0 ms
2024-03-01 21:47:58.216  INFO 24544 --- [http-nio-8080-exec-1] o.e.s.controller.BookController          : 添加图书，bookInfo:BookInfo(id=null, bookName=金瓶梅, author=谢钰辉, count=5, price=100000, publish=南方学院, status=1, stateCN=null, createTime=null, updateTime=null)
2024-03-01 21:47:58.225  INFO 24544 --- [http-nio-8080-exec-1] com.zaxxer.hikari.HikariDataSource       : HikariPool-1 - Starting...
2024-03-01 21:47:58.306  INFO 24544 --- [http-nio-8080-exec-1] com.zaxxer.hikari.HikariDataSource       : HikariPool-1 - Start completed.
2024-03-01 21:48:00.348  INFO 24544 --- [http-nio-8080-exec-3] o.e.s.controller.BookController          : 添加图书，bookInfo:BookInfo(id=null, bookName=金瓶梅, author=谢钰辉, count=5, price=100000, publish=南方学院, status=1, stateCN=null, createTime=null, updateTime=null)
2024-03-01 21:50:00.323  INFO 24544 --- [SpringApplicationShutdownHook] com.zaxxer.hikari.HikariDataSource       : HikariPool-1 - Shutdown initiated...
2024-03-01 21:50:00.327  INFO 24544 --- [SpringApplicationShutdownHook] com.zaxxer.hikari.HikariDataSource       : HikariPool-1 - Shutdown completed.
2024-03-01 21:50:04.801  INFO 32536 --- [main] o.e.springbook.SpringBookApplication     : Starting SpringBookApplication using Java 1.8.0_361 on LAPTOP-RC4A81SV with PID 32536 (D:\JavaEE_pro\springBook\target\classes started by 86159 in D:\JavaEE_pro\springBook)
2024-03-01 21:50:04.806  INFO 32536 --- [main] o.e.springbook.SpringBookApplication     : No active profile set, falling back to 1 default profile: "default"
2024-03-01 21:50:05.440  INFO 32536 --- [main] o.s.b.w.embedded.tomcat.TomcatWebServer  : Tomcat initialized with port(s): 8080 (http)
2024-03-01 21:50:05.445  INFO 32536 --- [main] o.apache.catalina.core.StandardService   : Starting service [Tomcat]
2024-03-01 21:50:05.445  INFO 32536 --- [main] org.apache.catalina.core.StandardEngine  : Starting Servlet engine: [Apache Tomcat/9.0.68]
2024-03-01 21:50:05.548  INFO 32536 --- [main] o.a.c.c.C.[Tomcat].[localhost].[/]       : Initializing Spring embedded WebApplicationContext
2024-03-01 21:50:05.548  INFO 32536 --- [main] w.s.c.ServletWebServerApplicationContext : Root WebApplicationContext: initialization completed in 711 ms
2024-03-01 21:50:05.789  INFO 32536 --- [main] o.s.b.a.w.s.WelcomePageHandlerMapping    : Adding welcome page: class path resource [static/index.html]
2024-03-01 21:50:05.936  INFO 32536 --- [main] o.s.b.w.embedded.tomcat.TomcatWebServer  : Tomcat started on port(s): 8080 (http) with context path ''
2024-03-01 21:50:05.948  INFO 32536 --- [main] o.e.springbook.SpringBookApplication     : Started SpringBookApplication in 1.445 seconds (JVM running for 2.292)
2024-03-01 21:50:08.995  INFO 32536 --- [http-nio-8080-exec-1] o.a.c.c.C.[Tomcat].[localhost].[/]       : Initializing Spring DispatcherServlet 'dispatcherServlet'
2024-03-01 21:50:08.995  INFO 32536 --- [http-nio-8080-exec-1] o.s.web.servlet.DispatcherServlet        : Initializing Servlet 'dispatcherServlet'
2024-03-01 21:50:08.996  INFO 32536 --- [http-nio-8080-exec-1] o.s.web.servlet.DispatcherServlet        : Completed initialization in 1 ms
2024-03-01 21:50:09.017  INFO 32536 --- [http-nio-8080-exec-1] o.e.s.controller.BookController          : 添加图书，bookInfo:BookInfo(id=null, bookName=金瓶梅, author=谢钰辉, count=5, price=100000, publish=南方学院, status=1, stateCN=null, createTime=null, updateTime=null)
2024-03-01 21:50:09.025  INFO 32536 --- [http-nio-8080-exec-1] com.zaxxer.hikari.HikariDataSource       : HikariPool-1 - Starting...
2024-03-01 21:50:09.106  INFO 32536 --- [http-nio-8080-exec-1] com.zaxxer.hikari.HikariDataSource       : HikariPool-1 - Start completed.
2024-03-01 21:52:40.367  INFO 32536 --- [http-nio-8080-exec-6] o.e.s.controller.BookController          : 添加图书，bookInfo:BookInfo(id=null, bookName=金瓶梅, author=谢钰辉, count=5, price=100, publish=南方学院, status=1, stateCN=null, createTime=null, updateTime=null)
2024-03-01 21:53:18.832  INFO 32536 --- [SpringApplicationShutdownHook] com.zaxxer.hikari.HikariDataSource       : HikariPool-1 - Shutdown initiated...
2024-03-01 21:53:18.838  INFO 32536 --- [SpringApplicationShutdownHook] com.zaxxer.hikari.HikariDataSource       : HikariPool-1 - Shutdown completed.
2024-03-01 21:53:23.267  INFO 4144 --- [main] o.e.springbook.SpringBookApplication     : Starting SpringBookApplication using Java 1.8.0_361 on LAPTOP-RC4A81SV with PID 4144 (D:\JavaEE_pro\springBook\target\classes started by 86159 in D:\JavaEE_pro\springBook)
2024-03-01 21:53:23.270  INFO 4144 --- [main] o.e.springbook.SpringBookApplication     : No active profile set, falling back to 1 default profile: "default"
2024-03-01 21:53:23.908  INFO 4144 --- [main] o.s.b.w.embedded.tomcat.TomcatWebServer  : Tomcat initialized with port(s): 8080 (http)
2024-03-01 21:53:23.914  INFO 4144 --- [main] o.apache.catalina.core.StandardService   : Starting service [Tomcat]
2024-03-01 21:53:23.914  INFO 4144 --- [main] org.apache.catalina.core.StandardEngine  : Starting Servlet engine: [Apache Tomcat/9.0.68]
2024-03-01 21:53:24.022  INFO 4144 --- [main] o.a.c.c.C.[Tomcat].[localhost].[/]       : Initializing Spring embedded WebApplicationContext
2024-03-01 21:53:24.022  INFO 4144 --- [main] w.s.c.ServletWebServerApplicationContext : Root WebApplicationContext: initialization completed in 723 ms
2024-03-01 21:53:24.271  INFO 4144 --- [main] o.s.b.a.w.s.WelcomePageHandlerMapping    : Adding welcome page: class path resource [static/index.html]
2024-03-01 21:53:24.350  INFO 4144 --- [main] o.s.b.w.embedded.tomcat.TomcatWebServer  : Tomcat started on port(s): 8080 (http) with context path ''
2024-03-01 21:53:24.356  INFO 4144 --- [main] o.e.springbook.SpringBookApplication     : Started SpringBookApplication in 1.411 seconds (JVM running for 2.193)
2024-03-01 21:53:27.679  INFO 4144 --- [http-nio-8080-exec-1] o.a.c.c.C.[Tomcat].[localhost].[/]       : Initializing Spring DispatcherServlet 'dispatcherServlet'
2024-03-01 21:53:27.679  INFO 4144 --- [http-nio-8080-exec-1] o.s.web.servlet.DispatcherServlet        : Initializing Servlet 'dispatcherServlet'
2024-03-01 21:53:27.679  INFO 4144 --- [http-nio-8080-exec-1] o.s.web.servlet.DispatcherServlet        : Completed initialization in 0 ms
2024-03-01 21:53:27.701  INFO 4144 --- [http-nio-8080-exec-1] o.e.s.controller.BookController          : 添加图书，bookInfo:BookInfo(id=null, bookName=金瓶梅, author=谢钰辉, count=5, price=100, publish=南方学院, status=1, stateCN=null, createTime=null, updateTime=null)
2024-03-01 21:53:27.709  INFO 4144 --- [http-nio-8080-exec-1] com.zaxxer.hikari.HikariDataSource       : HikariPool-1 - Starting...
2024-03-01 21:53:27.784  INFO 4144 --- [http-nio-8080-exec-1] com.zaxxer.hikari.HikariDataSource       : HikariPool-1 - Start completed.
2024-03-01 22:09:47.700  INFO 4144 --- [SpringApplicationShutdownHook] com.zaxxer.hikari.HikariDataSource       : HikariPool-1 - Shutdown initiated...
2024-03-01 22:09:47.705  INFO 4144 --- [SpringApplicationShutdownHook] com.zaxxer.hikari.HikariDataSource       : HikariPool-1 - Shutdown completed.
2024-03-01 22:09:51.197  INFO 21744 --- [main] o.e.springbook.SpringBookApplication     : Starting SpringBookApplication using Java 1.8.0_361 on LAPTOP-RC4A81SV with PID 21744 (D:\JavaEE_pro\springBook\target\classes started by 86159 in D:\JavaEE_pro\springBook)
2024-03-01 22:09:51.199  INFO 21744 --- [main] o.e.springbook.SpringBookApplication     : No active profile set, falling back to 1 default profile: "default"
2024-03-01 22:09:51.876  INFO 21744 --- [main] o.s.b.w.embedded.tomcat.TomcatWebServer  : Tomcat initialized with port(s): 8080 (http)
2024-03-01 22:09:51.882  INFO 21744 --- [main] o.apache.catalina.core.StandardService   : Starting service [Tomcat]
2024-03-01 22:09:51.882  INFO 21744 --- [main] org.apache.catalina.core.StandardEngine  : Starting Servlet engine: [Apache Tomcat/9.0.68]
2024-03-01 22:09:51.994  INFO 21744 --- [main] o.a.c.c.C.[Tomcat].[localhost].[/]       : Initializing Spring embedded WebApplicationContext
2024-03-01 22:09:51.994  INFO 21744 --- [main] w.s.c.ServletWebServerApplicationContext : Root WebApplicationContext: initialization completed in 769 ms
2024-03-01 22:09:52.244  INFO 21744 --- [main] o.s.b.a.w.s.WelcomePageHandlerMapping    : Adding welcome page: class path resource [static/index.html]
2024-03-01 22:09:52.344  INFO 21744 --- [main] o.s.b.w.embedded.tomcat.TomcatWebServer  : Tomcat started on port(s): 8080 (http) with context path ''
2024-03-01 22:09:52.350  INFO 21744 --- [main] o.e.springbook.SpringBookApplication     : Started SpringBookApplication in 1.452 seconds (JVM running for 2.244)
2024-03-01 22:09:58.789  INFO 21744 --- [http-nio-8080-exec-1] o.a.c.c.C.[Tomcat].[localhost].[/]       : Initializing Spring DispatcherServlet 'dispatcherServlet'
2024-03-01 22:09:58.790  INFO 21744 --- [http-nio-8080-exec-1] o.s.web.servlet.DispatcherServlet        : Initializing Servlet 'dispatcherServlet'
2024-03-01 22:09:58.791  INFO 21744 --- [http-nio-8080-exec-1] o.s.web.servlet.DispatcherServlet        : Completed initialization in 1 ms
2024-03-01 22:10:37.935  INFO 21744 --- [http-nio-8080-exec-6] o.e.s.controller.BookController          : 添加图书，bookInfo:BookInfo(id=null, bookName=java课程设计, author=鱼室友, count=2, price=11, publish=nfu, status=1, stateCN=null, createTime=null, updateTime=null)
2024-03-01 22:10:37.943  INFO 21744 --- [http-nio-8080-exec-6] com.zaxxer.hikari.HikariDataSource       : HikariPool-1 - Starting...
2024-03-01 22:10:38.017  INFO 21744 --- [http-nio-8080-exec-6] com.zaxxer.hikari.HikariDataSource       : HikariPool-1 - Start completed.
2024-03-01 22:11:21.944  INFO 21744 --- [http-nio-8080-exec-10] o.e.s.controller.BookController          : 添加图书，bookInfo:BookInfo(id=null, bookName=金瓶梅续传, author=谢玉辉, count=11, price=1, publish=nfu, status=1, stateCN=null, createTime=null, updateTime=null)
2024-03-01 22:13:12.348  INFO 21744 --- [SpringApplicationShutdownHook] com.zaxxer.hikari.HikariDataSource       : HikariPool-1 - Shutdown initiated...
2024-03-01 22:13:12.353  INFO 21744 --- [SpringApplicationShutdownHook] com.zaxxer.hikari.HikariDataSource       : HikariPool-1 - Shutdown completed.
